# JRE version: Java(TM) SE Runtime Environment (8.0_131-b11) (build 1.8.0_131-b11)
# Java VM: Java HotSpot(TM) 64-Bit Server VM (25.131-b11 mixed mode windows-amd64 compressed oops)
Heap:
 PSYoungGen      total 55808K, used 50994K [0x00000000eb200000, 0x00000000eee80000, 0x0000000100000000)
  eden space 49664K, 93% used [0x00000000eb200000,0x00000000edf31a80,0x00000000ee280000)
  from space 6144K, 76% used [0x00000000ee280000,0x00000000ee71b0f0,0x00000000ee880000)
  to   space 5120K, 0% used [0x00000000ee980000,0x00000000ee980000,0x00000000eee80000)
 ParOldGen       total 32256K, used 10576K [0x00000000c1600000, 0x00000000c3580000, 0x00000000eb200000)
  object space 32256K, 32% used [0x00000000c1600000,0x00000000c20540f0,0x00000000c3580000)
 Metaspace       used 31860K, capacity 32380K, committed 32768K, reserved 1077248K
  class space    used 4376K, capacity 4541K, committed 4608K, reserved 1048576K
GC Heap History (10 events):
Event: 31.053 GC heap before
{Heap before GC invocations=8 (full 0):
 PSYoungGen      total 23040K, used 20421K [0x00000000eb200000, 0x00000000edf00000, 0x0000000100000000)
  eden space 16384K, 95% used [0x00000000eb200000,0x00000000ec14a2e8,0x00000000ec200000)
  from space 6656K, 71% used [0x00000000ec200000,0x00000000ec6a74e0,0x00000000ec880000)
  to   space 6656K, 0% used [0x00000000ed880000,0x00000000ed880000,0x00000000edf00000)
 ParOldGen       total 44032K, used 8841K [0x00000000c1600000, 0x00000000c4100000, 0x00000000eb200000)
  object space 44032K, 20% used [0x00000000c1600000,0x00000000c1ea2400,0x00000000c4100000)
 Metaspace       used 20906K, capacity 21166K, committed 21296K, reserved 1067008K
  class space    used 2870K, capacity 2934K, committed 2944K, reserved 1048576K
Event: 31.072 GC heap after
Heap after GC invocations=8 (full 0):
 PSYoungGen      total 39424K, used 4912K [0x00000000eb200000, 0x00000000edf00000, 0x0000000100000000)
  eden space 32768K, 0% used [0x00000000eb200000,0x00000000eb200000,0x00000000ed200000)
  from space 6656K, 73% used [0x00000000ed880000,0x00000000edd4c0e0,0x00000000edf00000)
  to   space 6656K, 0% used [0x00000000ed200000,0x00000000ed200000,0x00000000ed880000)
 ParOldGen       total 44032K, used 9547K [0x00000000c1600000, 0x00000000c4100000, 0x00000000eb200000)
  object space 44032K, 21% used [0x00000000c1600000,0x00000000c1f52e08,0x00000000c4100000)
 Metaspace       used 20906K, capacity 21166K, committed 21296K, reserved 1067008K
  class space    used 2870K, capacity 2934K, committed 2944K, reserved 1048576K
}
Event: 31.072 GC heap before
{Heap before GC invocations=9 (full 1):
 PSYoungGen      total 39424K, used 4912K [0x00000000eb200000, 0x00000000edf00000, 0x0000000100000000)
  eden space 32768K, 0% used [0x00000000eb200000,0x00000000eb200000,0x00000000ed200000)
  from space 6656K, 73% used [0x00000000ed880000,0x00000000edd4c0e0,0x00000000edf00000)
  to   space 6656K, 0% used [0x00000000ed200000,0x00000000ed200000,0x00000000ed880000)
 ParOldGen       total 44032K, used 9547K [0x00000000c1600000, 0x00000000c4100000, 0x00000000eb200000)
  object space 44032K, 21% used [0x00000000c1600000,0x00000000c1f52e08,0x00000000c4100000)
 Metaspace       used 20906K, capacity 21166K, committed 21296K, reserved 1067008K
  class space    used 2870K, capacity 2934K, committed 2944K, reserved 1048576K
Event: 31.180 GC heap after
Heap after GC invocations=9 (full 1):
 PSYoungGen      total 39424K, used 0K [0x00000000eb200000, 0x00000000edf00000, 0x0000000100000000)
  eden space 32768K, 0% used [0x00000000eb200000,0x00000000eb200000,0x00000000ed200000)
  from space 6656K, 0% used [0x00000000ed880000,0x00000000ed880000,0x00000000edf00000)
  to   space 6656K, 0% used [0x00000000ed200000,0x00000000ed200000,0x00000000ed880000)
 ParOldGen       total 32256K, used 8620K [0x00000000c1600000, 0x00000000c3580000, 0x00000000eb200000)
  object space 32256K, 26% used [0x00000000c1600000,0x00000000c1e6b0d0,0x00000000c3580000)
 Metaspace       used 20906K, capacity 21166K, committed 21296K, reserved 1067008K
  class space    used 2870K, capacity 2934K, committed 2944K, reserved 1048576K
}
Event: 32.381 GC heap before
{Heap before GC invocations=10 (full 1):
 PSYoungGen      total 39424K, used 32768K [0x00000000eb200000, 0x00000000edf00000, 0x0000000100000000)
  eden space 32768K, 100% used [0x00000000eb200000,0x00000000ed200000,0x00000000ed200000)
  from space 6656K, 0% used [0x00000000ed880000,0x00000000ed880000,0x00000000edf00000)
  to   space 6656K, 0% used [0x00000000ed200000,0x00000000ed200000,0x00000000ed880000)
 ParOldGen       total 32256K, used 8620K [0x00000000c1600000, 0x00000000c3580000, 0x00000000eb200000)
  object space 32256K, 26% used [0x00000000c1600000,0x00000000c1e6b0d0,0x00000000c3580000)
 Metaspace       used 23378K, capacity 23626K, committed 23936K, reserved 1069056K
  class space    used 3279K, capacity 3387K, committed 3456K, reserved 1048576K
Event: 32.428 GC heap after
Heap after GC invocations=10 (full 1):
 PSYoungGen      total 39424K, used 3453K [0x00000000eb200000, 0x00000000ef000000, 0x0000000100000000)
  eden space 32768K, 0% used [0x00000000eb200000,0x00000000eb200000,0x00000000ed200000)
  from space 6656K, 51% used [0x00000000ed200000,0x00000000ed55f608,0x00000000ed880000)
  to   space 6656K, 0% used [0x00000000ee980000,0x00000000ee980000,0x00000000ef000000)
 ParOldGen       total 32256K, used 8628K [0x00000000c1600000, 0x00000000c3580000, 0x00000000eb200000)
  object space 32256K, 26% used [0x00000000c1600000,0x00000000c1e6d0d0,0x00000000c3580000)
 Metaspace       used 23378K, capacity 23626K, committed 23936K, reserved 1069056K
  class space    used 3279K, capacity 3387K, committed 3456K, reserved 1048576K
}
Event: 33.484 GC heap before
{Heap before GC invocations=11 (full 1):
 PSYoungGen      total 39424K, used 36221K [0x00000000eb200000, 0x00000000ef000000, 0x0000000100000000)
  eden space 32768K, 100% used [0x00000000eb200000,0x00000000ed200000,0x00000000ed200000)
  from space 6656K, 51% used [0x00000000ed200000,0x00000000ed55f608,0x00000000ed880000)
  to   space 6656K, 0% used [0x00000000ee980000,0x00000000ee980000,0x00000000ef000000)
 ParOldGen       total 32256K, used 8628K [0x00000000c1600000, 0x00000000c3580000, 0x00000000eb200000)
  object space 32256K, 26% used [0x00000000c1600000,0x00000000c1e6d0d0,0x00000000c3580000)
 Metaspace       used 26620K, capacity 27088K, committed 27520K, reserved 1073152K
  class space    used 3718K, capacity 3886K, committed 3968K, reserved 1048576K
Event: 33.491 GC heap after
Heap after GC invocations=11 (full 1):
 PSYoungGen      total 54784K, used 4202K [0x00000000eb200000, 0x00000000eee80000, 0x0000000100000000)
  eden space 49664K, 0% used [0x00000000eb200000,0x00000000eb200000,0x00000000ee280000)
  from space 5120K, 82% used [0x00000000ee980000,0x00000000eed9a9a0,0x00000000eee80000)
  to   space 6144K, 0% used [0x00000000ee280000,0x00000000ee280000,0x00000000ee880000)
 ParOldGen       total 32256K, used 8636K [0x00000000c1600000, 0x00000000c3580000, 0x00000000eb200000)
  object space 32256K, 26% used [0x00000000c1600000,0x00000000c1e6f0d0,0x00000000c3580000)
 Metaspace       used 26620K, capacity 27088K, committed 27520K, reserved 1073152K
  class space    used 3718K, capacity 3886K, committed 3968K, reserved 1048576K
}
Event: 40.341 GC heap before
{Heap before GC invocations=12 (full 1):
 PSYoungGen      total 54784K, used 53866K [0x00000000eb200000, 0x00000000eee80000, 0x0000000100000000)
  eden space 49664K, 100% used [0x00000000eb200000,0x00000000ee280000,0x00000000ee280000)
  from space 5120K, 82% used [0x00000000ee980000,0x00000000eed9a9a0,0x00000000eee80000)
  to   space 6144K, 0% used [0x00000000ee280000,0x00000000ee280000,0x00000000ee880000)
 ParOldGen       total 32256K, used 8636K [0x00000000c1600000, 0x00000000c3580000, 0x00000000eb200000)
  object space 32256K, 26% used [0x00000000c1600000,0x00000000c1e6f0d0,0x00000000c3580000)
 Metaspace       used 29746K, capacity 30226K, committed 30720K, reserved 1075200K
  class space    used 4084K, capacity 4250K, committed 4352K, reserved 1048576K
Event: 40.378 GC heap after
Heap after GC invocations=12 (full 1):
 PSYoungGen      total 55808K, used 4716K [0x00000000eb200000, 0x00000000eee80000, 0x0000000100000000)
  eden space 49664K, 0% used [0x00000000eb200000,0x00000000eb200000,0x00000000ee280000)
  from space 6144K, 76% used [0x00000000ee280000,0x00000000ee71b0f0,0x00000000ee880000)
  to   space 5120K, 0% used [0x00000000ee980000,0x00000000ee980000,0x00000000eee80000)
 ParOldGen       total 32256K, used 10576K [0x00000000c1600000, 0x00000000c3580000, 0x00000000eb200000)
  object space 32256K, 32% used [0x00000000c1600000,0x00000000c20540f0,0x00000000c3580000)
 Metaspace       used 29746K, capacity 30226K, committed 30720K, reserved 1075200K
  class space    used 4084K, capacity 4250K, committed 4352K, reserved 1048576K
}

