# JRE version: Java(TM) SE Runtime Environment (8.0_131-b11) (build 1.8.0_131-b11)
# Java VM: Java HotSpot(TM) 64-Bit Server VM (25.131-b11 mixed mode windows-amd64 compressed oops)
Heap:
 PSYoungGen      total 75264K, used 9525K [0x00000000eb200000, 0x00000000f1f80000, 0x0000000100000000)
  eden space 69120K, 13% used [0x00000000eb200000,0x00000000ebb4d4a8,0x00000000ef580000)
  from space 6144K, 0% used [0x00000000ef580000,0x00000000ef580000,0x00000000efb80000)
  to   space 6656K, 0% used [0x00000000f1900000,0x00000000f1900000,0x00000000f1f80000)
 ParOldGen       total 33792K, used 18999K [0x00000000c1600000, 0x00000000c3700000, 0x00000000eb200000)
  object space 33792K, 56% used [0x00000000c1600000,0x00000000c288dcd8,0x00000000c3700000)
 Metaspace       used 34645K, capacity 35290K, committed 35624K, reserved 1079296K
  class space    used 4726K, capacity 4928K, committed 4992K, reserved 1048576K
GC Heap History (10 events):
Event: 40.547 GC heap before
{Heap before GC invocations=11 (full 1):
 PSYoungGen      total 39424K, used 36317K [0x00000000eb200000, 0x00000000eee00000, 0x0000000100000000)
  eden space 32768K, 100% used [0x00000000eb200000,0x00000000ed200000,0x00000000ed200000)
  from space 6656K, 53% used [0x00000000ed200000,0x00000000ed577640,0x00000000ed880000)
  to   space 6656K, 0% used [0x00000000ee780000,0x00000000ee780000,0x00000000eee00000)
 ParOldGen       total 33792K, used 10312K [0x00000000c1600000, 0x00000000c3700000, 0x00000000eb200000)
  object space 33792K, 30% used [0x00000000c1600000,0x00000000c20123c0,0x00000000c3700000)
 Metaspace       used 26623K, capacity 27030K, committed 27264K, reserved 1073152K
  class space    used 3717K, capacity 3887K, committed 3968K, reserved 1048576K
Event: 40.560 GC heap after
Heap after GC invocations=11 (full 1):
 PSYoungGen      total 53760K, used 4135K [0x00000000eb200000, 0x00000000eed00000, 0x0000000100000000)
  eden space 48128K, 0% used [0x00000000eb200000,0x00000000eb200000,0x00000000ee100000)
  from space 5632K, 73% used [0x00000000ee780000,0x00000000eeb89dd8,0x00000000eed00000)
  to   space 6144K, 0% used [0x00000000ee100000,0x00000000ee100000,0x00000000ee700000)
 ParOldGen       total 33792K, used 10320K [0x00000000c1600000, 0x00000000c3700000, 0x00000000eb200000)
  object space 33792K, 30% used [0x00000000c1600000,0x00000000c20143c0,0x00000000c3700000)
 Metaspace       used 26623K, capacity 27030K, committed 27264K, reserved 1073152K
  class space    used 3717K, capacity 3887K, committed 3968K, reserved 1048576K
}
Event: 49.215 GC heap before
{Heap before GC invocations=12 (full 1):
 PSYoungGen      total 53760K, used 52263K [0x00000000eb200000, 0x00000000eed00000, 0x0000000100000000)
  eden space 48128K, 100% used [0x00000000eb200000,0x00000000ee100000,0x00000000ee100000)
  from space 5632K, 73% used [0x00000000ee780000,0x00000000eeb89dd8,0x00000000eed00000)
  to   space 6144K, 0% used [0x00000000ee100000,0x00000000ee100000,0x00000000ee700000)
 ParOldGen       total 33792K, used 10320K [0x00000000c1600000, 0x00000000c3700000, 0x00000000eb200000)
  object space 33792K, 30% used [0x00000000c1600000,0x00000000c20143c0,0x00000000c3700000)
 Metaspace       used 29728K, capacity 30278K, committed 30720K, reserved 1075200K
  class space    used 4075K, capacity 4248K, committed 4352K, reserved 1048576K
Event: 49.234 GC heap after
Heap after GC invocations=12 (full 1):
 PSYoungGen      total 54272K, used 4691K [0x00000000eb200000, 0x00000000f0180000, 0x0000000100000000)
  eden space 48128K, 0% used [0x00000000eb200000,0x00000000eb200000,0x00000000ee100000)
  from space 6144K, 76% used [0x00000000ee100000,0x00000000ee594d88,0x00000000ee700000)
  to   space 6144K, 0% used [0x00000000efb80000,0x00000000efb80000,0x00000000f0180000)
 ParOldGen       total 33792K, used 12257K [0x00000000c1600000, 0x00000000c3700000, 0x00000000eb200000)
  object space 33792K, 36% used [0x00000000c1600000,0x00000000c21f87f0,0x00000000c3700000)
 Metaspace       used 29728K, capacity 30278K, committed 30720K, reserved 1075200K
  class space    used 4075K, capacity 4248K, committed 4352K, reserved 1048576K
}
Event: 51.558 GC heap before
{Heap before GC invocations=13 (full 1):
 PSYoungGen      total 54272K, used 52819K [0x00000000eb200000, 0x00000000f0180000, 0x0000000100000000)
  eden space 48128K, 100% used [0x00000000eb200000,0x00000000ee100000,0x00000000ee100000)
  from space 6144K, 76% used [0x00000000ee100000,0x00000000ee594d88,0x00000000ee700000)
  to   space 6144K, 0% used [0x00000000efb80000,0x00000000efb80000,0x00000000f0180000)
 ParOldGen       total 33792K, used 12257K [0x00000000c1600000, 0x00000000c3700000, 0x00000000eb200000)
  object space 33792K, 36% used [0x00000000c1600000,0x00000000c21f87f0,0x00000000c3700000)
 Metaspace       used 32191K, capacity 32674K, committed 33024K, reserved 1077248K
  class space    used 4412K, capacity 4574K, committed 4608K, reserved 1048576K
Event: 51.582 GC heap after
Heap after GC invocations=13 (full 1):
 PSYoungGen      total 75264K, used 3949K [0x00000000eb200000, 0x00000000f0180000, 0x0000000100000000)
  eden space 69120K, 0% used [0x00000000eb200000,0x00000000eb200000,0x00000000ef580000)
  from space 6144K, 64% used [0x00000000efb80000,0x00000000eff5b488,0x00000000f0180000)
  to   space 6144K, 0% used [0x00000000ef580000,0x00000000ef580000,0x00000000efb80000)
 ParOldGen       total 33792K, used 14580K [0x00000000c1600000, 0x00000000c3700000, 0x00000000eb200000)
  object space 33792K, 43% used [0x00000000c1600000,0x00000000c243d268,0x00000000c3700000)
 Metaspace       used 32191K, capacity 32674K, committed 33024K, reserved 1077248K
  class space    used 4412K, capacity 4574K, committed 4608K, reserved 1048576K
}
Event: 53.225 GC heap before
{Heap before GC invocations=14 (full 1):
 PSYoungGen      total 75264K, used 43402K [0x00000000eb200000, 0x00000000f0180000, 0x0000000100000000)
  eden space 69120K, 57% used [0x00000000eb200000,0x00000000ed887650,0x00000000ef580000)
  from space 6144K, 64% used [0x00000000efb80000,0x00000000eff5b488,0x00000000f0180000)
  to   space 6144K, 0% used [0x00000000ef580000,0x00000000ef580000,0x00000000efb80000)
 ParOldGen       total 33792K, used 14580K [0x00000000c1600000, 0x00000000c3700000, 0x00000000eb200000)
  object space 33792K, 43% used [0x00000000c1600000,0x00000000c243d268,0x00000000c3700000)
 Metaspace       used 34572K, capacity 35156K, committed 35496K, reserved 1079296K
  class space    used 4712K, capacity 4862K, committed 4864K, reserved 1048576K
Event: 53.243 GC heap after
Heap after GC invocations=14 (full 1):
 PSYoungGen      total 75264K, used 5916K [0x00000000eb200000, 0x00000000f1f80000, 0x0000000100000000)
  eden space 69120K, 0% used [0x00000000eb200000,0x00000000eb200000,0x00000000ef580000)
  from space 6144K, 96% used [0x00000000ef580000,0x00000000efb47378,0x00000000efb80000)
  to   space 6656K, 0% used [0x00000000f1900000,0x00000000f1900000,0x00000000f1f80000)
 ParOldGen       total 33792K, used 16444K [0x00000000c1600000, 0x00000000c3700000, 0x00000000eb200000)
  object space 33792K, 48% used [0x00000000c1600000,0x00000000c260f268,0x00000000c3700000)
 Metaspace       used 34572K, capacity 35156K, committed 35496K, reserved 1079296K
  class space    used 4712K, capacity 4862K, committed 4864K, reserved 1048576K
}
Event: 53.243 GC heap before
{Heap before GC invocations=15 (full 2):
 PSYoungGen      total 75264K, used 5916K [0x00000000eb200000, 0x00000000f1f80000, 0x0000000100000000)
  eden space 69120K, 0% used [0x00000000eb200000,0x00000000eb200000,0x00000000ef580000)
  from space 6144K, 96% used [0x00000000ef580000,0x00000000efb47378,0x00000000efb80000)
  to   space 6656K, 0% used [0x00000000f1900000,0x00000000f1900000,0x00000000f1f80000)
 ParOldGen       total 33792K, used 16444K [0x00000000c1600000, 0x00000000c3700000, 0x00000000eb200000)
  object space 33792K, 48% used [0x00000000c1600000,0x00000000c260f268,0x00000000c3700000)
 Metaspace       used 34572K, capacity 35156K, committed 35496K, reserved 1079296K
  class space    used 4712K, capacity 4862K, committed 4864K, reserved 1048576K
Event: 53.403 GC heap after
Heap after GC invocations=15 (full 2):
 PSYoungGen      total 75264K, used 0K [0x00000000eb200000, 0x00000000f1f80000, 0x0000000100000000)
  eden space 69120K, 0% used [0x00000000eb200000,0x00000000eb200000,0x00000000ef580000)
  from space 6144K, 0% used [0x00000000ef580000,0x00000000ef580000,0x00000000efb80000)
  to   space 6656K, 0% used [0x00000000f1900000,0x00000000f1900000,0x00000000f1f80000)
 ParOldGen       total 33792K, used 18999K [0x00000000c1600000, 0x00000000c3700000, 0x00000000eb200000)
  object space 33792K, 56% used [0x00000000c1600000,0x00000000c288dcd8,0x00000000c3700000)
 Metaspace       used 34572K, capacity 35156K, committed 35496K, reserved 1079296K
  class space    used 4712K, capacity 4862K, committed 4864K, reserved 1048576K
}

